# JRE version: OpenJDK Runtime Environment Temurin-21.0.6+7 (21.0.6+7) (build 21.0.6+7-LTS)
# Java VM: OpenJDK 64-Bit Server VM Temurin-21.0.6+7 (21.0.6+7-LTS, mixed mode, sharing, tiered, compressed oops, compressed class ptrs, parallel gc, windows-amd64)
GC Precious Log:
 CardTable entry size: 512
 CPUs: 8 total, 8 available
 Memory: 16179M
 Large Page Support: Disabled
 NUMA Support: Disabled
 Compressed Oops: Enabled (32-bit)
 Alignments: Space 512K, Generation 512K, Heap 2M
 Heap Min Capacity: 100M
 Heap Initial Capacity: 100M
 Heap Max Capacity: 1G
 Pre-touch: Disabled
 Parallel Workers: 8
Heap:
 PSYoungGen      total 22528K, used 7681K [0x00000000eab00000, 0x00000000ec700000, 0x0000000100000000)
  eden space 18432K, 19% used [0x00000000eab00000,0x00000000eae8d250,0x00000000ebd00000)
  from space 4096K, 98% used [0x00000000ebd00000,0x00000000ec0f3508,0x00000000ec100000)
  to   space 5120K, 0% used [0x00000000ec200000,0x00000000ec200000,0x00000000ec700000)
 ParOldGen       total 68608K, used 58000K [0x00000000c0000000, 0x00000000c4300000, 0x00000000eab00000)
  object space 68608K, 84% used [0x00000000c0000000,0x00000000c38a43b0,0x00000000c4300000)
 Metaspace       used 71866K, committed 73216K, reserved 1114112K
  class space    used 8735K, committed 9344K, reserved 1048576K
GC Heap History (20 events):
Event: 135.326 GC heap before
{Heap before GC invocations=47 (full 3):
 PSYoungGen      total 21504K, used 20848K [0x00000000eab00000, 0x00000000ec500000, 0x0000000100000000)
  eden space 20480K, 100% used [0x00000000eab00000,0x00000000ebf00000,0x00000000ebf00000)
  from space 1024K, 35% used [0x00000000ec300000,0x00000000ec35c010,0x00000000ec400000)
  to   space 512K, 0% used [0x00000000ec480000,0x00000000ec480000,0x00000000ec500000)
 ParOldGen       total 68608K, used 43867K [0x00000000c0000000, 0x00000000c4300000, 0x00000000eab00000)
  object space 68608K, 63% used [0x00000000c0000000,0x00000000c2ad6e98,0x00000000c4300000)
 Metaspace       used 67949K, committed 69248K, reserved 1114112K
  class space    used 8325K, committed 8896K, reserved 1048576K
}
Event: 135.328 GC heap after
{Heap after GC invocations=47 (full 3):
 PSYoungGen      total 20992K, used 160K [0x00000000eab00000, 0x00000000ec500000, 0x0000000100000000)
  eden space 20480K, 0% used [0x00000000eab00000,0x00000000eab00000,0x00000000ebf00000)
  from space 512K, 31% used [0x00000000ec480000,0x00000000ec4a8000,0x00000000ec500000)
  to   space 512K, 0% used [0x00000000ec400000,0x00000000ec400000,0x00000000ec480000)
 ParOldGen       total 68608K, used 44119K [0x00000000c0000000, 0x00000000c4300000, 0x00000000eab00000)
  object space 68608K, 64% used [0x00000000c0000000,0x00000000c2b15ec8,0x00000000c4300000)
 Metaspace       used 67949K, committed 69248K, reserved 1114112K
  class space    used 8325K, committed 8896K, reserved 1048576K
}
Event: 151.335 GC heap before
{Heap before GC invocations=48 (full 3):
 PSYoungGen      total 20992K, used 20640K [0x00000000eab00000, 0x00000000ec500000, 0x0000000100000000)
  eden space 20480K, 100% used [0x00000000eab00000,0x00000000ebf00000,0x00000000ebf00000)
  from space 512K, 31% used [0x00000000ec480000,0x00000000ec4a8000,0x00000000ec500000)
  to   space 512K, 0% used [0x00000000ec400000,0x00000000ec400000,0x00000000ec480000)
 ParOldGen       total 68608K, used 44119K [0x00000000c0000000, 0x00000000c4300000, 0x00000000eab00000)
  object space 68608K, 64% used [0x00000000c0000000,0x00000000c2b15ec8,0x00000000c4300000)
 Metaspace       used 68005K, committed 69248K, reserved 1114112K
  class space    used 8331K, committed 8896K, reserved 1048576K
}
Event: 151.336 GC heap after
{Heap after GC invocations=48 (full 3):
 PSYoungGen      total 20992K, used 224K [0x00000000eab00000, 0x00000000ec500000, 0x0000000100000000)
  eden space 20480K, 0% used [0x00000000eab00000,0x00000000eab00000,0x00000000ebf00000)
  from space 512K, 43% used [0x00000000ec400000,0x00000000ec438000,0x00000000ec480000)
  to   space 512K, 0% used [0x00000000ec480000,0x00000000ec480000,0x00000000ec500000)
 ParOldGen       total 68608K, used 44135K [0x00000000c0000000, 0x00000000c4300000, 0x00000000eab00000)
  object space 68608K, 64% used [0x00000000c0000000,0x00000000c2b19ec8,0x00000000c4300000)
 Metaspace       used 68005K, committed 69248K, reserved 1114112K
  class space    used 8331K, committed 8896K, reserved 1048576K
}
Event: 156.033 GC heap before
{Heap before GC invocations=49 (full 3):
 PSYoungGen      total 20992K, used 20704K [0x00000000eab00000, 0x00000000ec500000, 0x0000000100000000)
  eden space 20480K, 100% used [0x00000000eab00000,0x00000000ebf00000,0x00000000ebf00000)
  from space 512K, 43% used [0x00000000ec400000,0x00000000ec438000,0x00000000ec480000)
  to   space 512K, 0% used [0x00000000ec480000,0x00000000ec480000,0x00000000ec500000)
 ParOldGen       total 68608K, used 44135K [0x00000000c0000000, 0x00000000c4300000, 0x00000000eab00000)
  object space 68608K, 64% used [0x00000000c0000000,0x00000000c2b19ec8,0x00000000c4300000)
 Metaspace       used 68086K, committed 69376K, reserved 1114112K
  class space    used 8346K, committed 8960K, reserved 1048576K
}
Event: 156.035 GC heap after
{Heap after GC invocations=49 (full 3):
 PSYoungGen      total 20992K, used 288K [0x00000000eab00000, 0x00000000ec500000, 0x0000000100000000)
  eden space 20480K, 0% used [0x00000000eab00000,0x00000000eab00000,0x00000000ebf00000)
  from space 512K, 56% used [0x00000000ec480000,0x00000000ec4c8000,0x00000000ec500000)
  to   space 512K, 0% used [0x00000000ec400000,0x00000000ec400000,0x00000000ec480000)
 ParOldGen       total 68608K, used 44223K [0x00000000c0000000, 0x00000000c4300000, 0x00000000eab00000)
  object space 68608K, 64% used [0x00000000c0000000,0x00000000c2b2fec8,0x00000000c4300000)
 Metaspace       used 68086K, committed 69376K, reserved 1114112K
  class space    used 8346K, committed 8960K, reserved 1048576K
}
Event: 158.850 GC heap before
{Heap before GC invocations=50 (full 3):
 PSYoungGen      total 20992K, used 20768K [0x00000000eab00000, 0x00000000ec500000, 0x0000000100000000)
  eden space 20480K, 100% used [0x00000000eab00000,0x00000000ebf00000,0x00000000ebf00000)
  from space 512K, 56% used [0x00000000ec480000,0x00000000ec4c8000,0x00000000ec500000)
  to   space 512K, 0% used [0x00000000ec400000,0x00000000ec400000,0x00000000ec480000)
 ParOldGen       total 68608K, used 44223K [0x00000000c0000000, 0x00000000c4300000, 0x00000000eab00000)
  object space 68608K, 64% used [0x00000000c0000000,0x00000000c2b2fec8,0x00000000c4300000)
 Metaspace       used 69083K, committed 70464K, reserved 1114112K
  class space    used 8490K, committed 9088K, reserved 1048576K
}
Event: 158.854 GC heap after
{Heap after GC invocations=50 (full 3):
 PSYoungGen      total 20992K, used 512K [0x00000000eab00000, 0x00000000ec500000, 0x0000000100000000)
  eden space 20480K, 0% used [0x00000000eab00000,0x00000000eab00000,0x00000000ebf00000)
  from space 512K, 100% used [0x00000000ec400000,0x00000000ec480000,0x00000000ec480000)
  to   space 512K, 0% used [0x00000000ec480000,0x00000000ec480000,0x00000000ec500000)
 ParOldGen       total 68608K, used 44799K [0x00000000c0000000, 0x00000000c4300000, 0x00000000eab00000)
  object space 68608K, 65% used [0x00000000c0000000,0x00000000c2bbfec8,0x00000000c4300000)
 Metaspace       used 69083K, committed 70464K, reserved 1114112K
  class space    used 8490K, committed 9088K, reserved 1048576K
}
Event: 160.972 GC heap before
{Heap before GC invocations=51 (full 3):
 PSYoungGen      total 20992K, used 20992K [0x00000000eab00000, 0x00000000ec500000, 0x0000000100000000)
  eden space 20480K, 100% used [0x00000000eab00000,0x00000000ebf00000,0x00000000ebf00000)
  from space 512K, 100% used [0x00000000ec400000,0x00000000ec480000,0x00000000ec480000)
  to   space 512K, 0% used [0x00000000ec480000,0x00000000ec480000,0x00000000ec500000)
 ParOldGen       total 68608K, used 44799K [0x00000000c0000000, 0x00000000c4300000, 0x00000000eab00000)
  object space 68608K, 65% used [0x00000000c0000000,0x00000000c2bbfec8,0x00000000c4300000)
 Metaspace       used 70568K, committed 71936K, reserved 1114112K
  class space    used 8634K, committed 9216K, reserved 1048576K
}
Event: 160.979 GC heap after
{Heap after GC invocations=51 (full 3):
 PSYoungGen      total 20992K, used 512K [0x00000000eab00000, 0x00000000ec700000, 0x0000000100000000)
  eden space 20480K, 0% used [0x00000000eab00000,0x00000000eab00000,0x00000000ebf00000)
  from space 512K, 100% used [0x00000000ec480000,0x00000000ec500000,0x00000000ec500000)
  to   space 4096K, 0% used [0x00000000ebf00000,0x00000000ebf00000,0x00000000ec300000)
 ParOldGen       total 68608K, used 47598K [0x00000000c0000000, 0x00000000c4300000, 0x00000000eab00000)
  object space 68608K, 69% used [0x00000000c0000000,0x00000000c2e7b860,0x00000000c4300000)
 Metaspace       used 70568K, committed 71936K, reserved 1114112K
  class space    used 8634K, committed 9216K, reserved 1048576K
}
Event: 162.405 GC heap before
{Heap before GC invocations=52 (full 3):
 PSYoungGen      total 20992K, used 20992K [0x00000000eab00000, 0x00000000ec700000, 0x0000000100000000)
  eden space 20480K, 100% used [0x00000000eab00000,0x00000000ebf00000,0x00000000ebf00000)
  from space 512K, 100% used [0x00000000ec480000,0x00000000ec500000,0x00000000ec500000)
  to   space 4096K, 0% used [0x00000000ebf00000,0x00000000ebf00000,0x00000000ec300000)
 ParOldGen       total 68608K, used 47598K [0x00000000c0000000, 0x00000000c4300000, 0x00000000eab00000)
  object space 68608K, 69% used [0x00000000c0000000,0x00000000c2e7b860,0x00000000c4300000)
 Metaspace       used 71543K, committed 72960K, reserved 1114112K
  class space    used 8720K, committed 9344K, reserved 1048576K
}
Event: 162.411 GC heap after
{Heap after GC invocations=52 (full 3):
 PSYoungGen      total 22528K, used 1710K [0x00000000eab00000, 0x00000000ec500000, 0x0000000100000000)
  eden space 20480K, 0% used [0x00000000eab00000,0x00000000eab00000,0x00000000ebf00000)
  from space 2048K, 83% used [0x00000000ebf00000,0x00000000ec0ab8f8,0x00000000ec100000)
  to   space 2560K, 0% used [0x00000000ec280000,0x00000000ec280000,0x00000000ec500000)
 ParOldGen       total 68608K, used 48135K [0x00000000c0000000, 0x00000000c4300000, 0x00000000eab00000)
  object space 68608K, 70% used [0x00000000c0000000,0x00000000c2f01c08,0x00000000c4300000)
 Metaspace       used 71543K, committed 72960K, reserved 1114112K
  class space    used 8720K, committed 9344K, reserved 1048576K
}
Event: 162.808 GC heap before
{Heap before GC invocations=53 (full 3):
 PSYoungGen      total 22528K, used 22190K [0x00000000eab00000, 0x00000000ec500000, 0x0000000100000000)
  eden space 20480K, 100% used [0x00000000eab00000,0x00000000ebf00000,0x00000000ebf00000)
  from space 2048K, 83% used [0x00000000ebf00000,0x00000000ec0ab8f8,0x00000000ec100000)
  to   space 2560K, 0% used [0x00000000ec280000,0x00000000ec280000,0x00000000ec500000)
 ParOldGen       total 68608K, used 48135K [0x00000000c0000000, 0x00000000c4300000, 0x00000000eab00000)
  object space 68608K, 70% used [0x00000000c0000000,0x00000000c2f01c08,0x00000000c4300000)
 Metaspace       used 71589K, committed 73024K, reserved 1114112K
  class space    used 8720K, committed 9344K, reserved 1048576K
}
Event: 162.812 GC heap after
{Heap after GC invocations=53 (full 3):
 PSYoungGen      total 20992K, used 240K [0x00000000eab00000, 0x00000000ec300000, 0x0000000100000000)
  eden space 20480K, 0% used [0x00000000eab00000,0x00000000eab00000,0x00000000ebf00000)
  from space 512K, 46% used [0x00000000ec280000,0x00000000ec2bc010,0x00000000ec300000)
  to   space 1024K, 0% used [0x00000000ec100000,0x00000000ec100000,0x00000000ec200000)
 ParOldGen       total 68608K, used 49642K [0x00000000c0000000, 0x00000000c4300000, 0x00000000eab00000)
  object space 68608K, 72% used [0x00000000c0000000,0x00000000c307a948,0x00000000c4300000)
 Metaspace       used 71589K, committed 73024K, reserved 1114112K
  class space    used 8720K, committed 9344K, reserved 1048576K
}
Event: 164.430 GC heap before
{Heap before GC invocations=54 (full 3):
 PSYoungGen      total 20992K, used 20720K [0x00000000eab00000, 0x00000000ec300000, 0x0000000100000000)
  eden space 20480K, 100% used [0x00000000eab00000,0x00000000ebf00000,0x00000000ebf00000)
  from space 512K, 46% used [0x00000000ec280000,0x00000000ec2bc010,0x00000000ec300000)
  to   space 1024K, 0% used [0x00000000ec100000,0x00000000ec100000,0x00000000ec200000)
 ParOldGen       total 68608K, used 49642K [0x00000000c0000000, 0x00000000c4300000, 0x00000000eab00000)
  object space 68608K, 72% used [0x00000000c0000000,0x00000000c307a948,0x00000000c4300000)
 Metaspace       used 71827K, committed 73152K, reserved 1114112K
  class space    used 8735K, committed 9344K, reserved 1048576K
}
Event: 164.441 GC heap after
{Heap after GC invocations=54 (full 3):
 PSYoungGen      total 21504K, used 1022K [0x00000000eab00000, 0x00000000ec800000, 0x0000000100000000)
  eden space 20480K, 0% used [0x00000000eab00000,0x00000000eab00000,0x00000000ebf00000)
  from space 1024K, 99% used [0x00000000ec100000,0x00000000ec1ff828,0x00000000ec200000)
  to   space 4608K, 0% used [0x00000000ec380000,0x00000000ec380000,0x00000000ec800000)
 ParOldGen       total 68608K, used 52449K [0x00000000c0000000, 0x00000000c4300000, 0x00000000eab00000)
  object space 68608K, 76% used [0x00000000c0000000,0x00000000c3338560,0x00000000c4300000)
 Metaspace       used 71827K, committed 73152K, reserved 1114112K
  class space    used 8735K, committed 9344K, reserved 1048576K
}
Event: 166.897 GC heap before
{Heap before GC invocations=55 (full 3):
 PSYoungGen      total 21504K, used 21502K [0x00000000eab00000, 0x00000000ec800000, 0x0000000100000000)
  eden space 20480K, 100% used [0x00000000eab00000,0x00000000ebf00000,0x00000000ebf00000)
  from space 1024K, 99% used [0x00000000ec100000,0x00000000ec1ff828,0x00000000ec200000)
  to   space 4608K, 0% used [0x00000000ec380000,0x00000000ec380000,0x00000000ec800000)
 ParOldGen       total 68608K, used 52449K [0x00000000c0000000, 0x00000000c4300000, 0x00000000eab00000)
  object space 68608K, 76% used [0x00000000c0000000,0x00000000c3338560,0x00000000c4300000)
 Metaspace       used 71862K, committed 73216K, reserved 1114112K
  class space    used 8735K, committed 9344K, reserved 1048576K
}
Event: 166.907 GC heap after
{Heap after GC invocations=55 (full 3):
 PSYoungGen      total 23040K, used 4600K [0x00000000eab00000, 0x00000000ecc00000, 0x0000000100000000)
  eden space 18432K, 0% used [0x00000000eab00000,0x00000000eab00000,0x00000000ebd00000)
  from space 4608K, 99% used [0x00000000ec380000,0x00000000ec7fe038,0x00000000ec800000)
  to   space 6656K, 0% used [0x00000000ebd00000,0x00000000ebd00000,0x00000000ec380000)
 ParOldGen       total 68608K, used 53641K [0x00000000c0000000, 0x00000000c4300000, 0x00000000eab00000)
  object space 68608K, 78% used [0x00000000c0000000,0x00000000c34625f8,0x00000000c4300000)
 Metaspace       used 71862K, committed 73216K, reserved 1114112K
  class space    used 8735K, committed 9344K, reserved 1048576K
}
Event: 167.782 GC heap before
{Heap before GC invocations=56 (full 3):
 PSYoungGen      total 23040K, used 23032K [0x00000000eab00000, 0x00000000ecc00000, 0x0000000100000000)
  eden space 18432K, 100% used [0x00000000eab00000,0x00000000ebd00000,0x00000000ebd00000)
  from space 4608K, 99% used [0x00000000ec380000,0x00000000ec7fe038,0x00000000ec800000)
  to   space 6656K, 0% used [0x00000000ebd00000,0x00000000ebd00000,0x00000000ec380000)
 ParOldGen       total 68608K, used 53641K [0x00000000c0000000, 0x00000000c4300000, 0x00000000eab00000)
  object space 68608K, 78% used [0x00000000c0000000,0x00000000c34625f8,0x00000000c4300000)
 Metaspace       used 71866K, committed 73216K, reserved 1114112K
  class space    used 8735K, committed 9344K, reserved 1048576K
}
Event: 167.793 GC heap after
{Heap after GC invocations=56 (full 3):
 PSYoungGen      total 22528K, used 4045K [0x00000000eab00000, 0x00000000ec700000, 0x0000000100000000)
  eden space 18432K, 0% used [0x00000000eab00000,0x00000000eab00000,0x00000000ebd00000)
  from space 4096K, 98% used [0x00000000ebd00000,0x00000000ec0f3508,0x00000000ec100000)
  to   space 5120K, 0% used [0x00000000ec200000,0x00000000ec200000,0x00000000ec700000)
 ParOldGen       total 68608K, used 58000K [0x00000000c0000000, 0x00000000c4300000, 0x00000000eab00000)
  object space 68608K, 84% used [0x00000000c0000000,0x00000000c38a43b0,0x00000000c4300000)
 Metaspace       used 71866K, committed 73216K, reserved 1114112K
  class space    used 8735K, committed 9344K, reserved 1048576K
}

